app/build/intermediates/manifest_merge_blame_file/interpreterDebug/manifest-merger-blame-interpreter-debug-report.txt
1<?xml version="1.0" encoding="utf-8"?>
2<manifest xmlns:android="http://schemas.android.com/apk/res/android"
3    package="com.examples.mobileProject"
4    android:versionCode="1"
5    android:versionName="1.0" >
6
7    <uses-sdk
8        android:minSdkVersion="19"
8-->src/main/AndroidManifest.xml
9        android:targetSdkVersion="28" />
9-->src/main/AndroidManifest.xml
10
11    <uses-permission android:name="android.permission.INTERNET" />
11-->src/main/AndroidManifest.xml:5:5-67
11-->src/main/AndroidManifest.xml:5:22-64
12    <uses-permission android:name="android.permission.ACCESS_FINE_LOCATION" />
12-->src/main/AndroidManifest.xml:6:5-79
12-->src/main/AndroidManifest.xml:6:22-76
13    <uses-permission android:name="android.permission.ACCESS_NETWORK_STATE" />
13-->src/main/AndroidManifest.xml:7:5-79
13-->src/main/AndroidManifest.xml:7:22-76
14    <uses-permission android:name="android.permission.ACCESS_COARSE_LOCATION" />
14-->src/main/AndroidManifest.xml:8:5-81
14-->src/main/AndroidManifest.xml:8:22-78
15    <uses-permission android:name="android.permission.READ_EXTERNAL_STORAGE" />
15-->src/main/AndroidManifest.xml:9:5-80
15-->src/main/AndroidManifest.xml:9:22-77
16    <uses-permission android:name="android.permission.WRITE_EXTERNAL_STORAGE" />
16-->src/main/AndroidManifest.xml:10:5-81
16-->src/main/AndroidManifest.xml:10:22-78
17    <uses-permission android:name="android.permission.READ_CALL_LOG" />
17-->src/main/AndroidManifest.xml:11:5-72
17-->src/main/AndroidManifest.xml:11:22-69
18
19    <application
19-->src/main/AndroidManifest.xml:13:5-36:19
20        android:allowBackup="true"
20-->src/main/AndroidManifest.xml:14:9-35
21        android:appComponentFactory="androidx.core.app.CoreComponentFactory"
21-->[androidx.core:core:1.1.0] AndroidManifest.xml:24:18-86
22        android:debuggable="true"
23        android:icon="@drawable/happy_pink"
23-->src/main/AndroidManifest.xml:15:9-44
24        android:label="@string/tfe_tc_app_name"
24-->src/main/AndroidManifest.xml:16:9-48
25        android:roundIcon="@drawable/happy_pink"
25-->src/main/AndroidManifest.xml:17:9-49
26        android:supportsRtl="true"
26-->src/main/AndroidManifest.xml:18:9-35
27        android:testOnly="true"
28        android:theme="@style/AppTheme"
28-->src/main/AndroidManifest.xml:19:9-40
29        android:usesCleartextTraffic="true" >
29-->src/main/AndroidManifest.xml:20:9-44
30        <activity android:name="com.examples.mobileProject.chart.CallActivity" />
30-->src/main/AndroidManifest.xml:21:9-65
30-->src/main/AndroidManifest.xml:21:19-53
31        <activity android:name="com.examples.mobileProject.chart.SolutionActivity" />
31-->src/main/AndroidManifest.xml:22:9-60
31-->src/main/AndroidManifest.xml:22:19-57
32        <activity android:name="com.examples.mobileProject.chart.AnalysisChartActivity" />
32-->src/main/AndroidManifest.xml:23:9-65
32-->src/main/AndroidManifest.xml:23:19-62
33        <activity android:name="com.examples.mobileProject.main.SplashActivity" >
33-->src/main/AndroidManifest.xml:24:9-30:20
33-->src/main/AndroidManifest.xml:24:19-54
34            <intent-filter>
34-->src/main/AndroidManifest.xml:25:13-29:29
35                <action android:name="android.intent.action.MAIN" />
35-->src/main/AndroidManifest.xml:26:17-69
35-->src/main/AndroidManifest.xml:26:25-66
36
37                <category android:name="android.intent.category.LAUNCHER" />
37-->src/main/AndroidManifest.xml:28:17-77
37-->src/main/AndroidManifest.xml:28:27-74
38            </intent-filter>
39        </activity>
40        <activity android:name="com.examples.mobileProject.texttranslation.TextTranslationActivity" />
40-->src/main/AndroidManifest.xml:31:9-77
40-->src/main/AndroidManifest.xml:31:19-74
41        <activity
41-->src/main/AndroidManifest.xml:32:9-35:58
42            android:name="com.examples.mobileProject.main.MainActivity"
42-->src/main/AndroidManifest.xml:33:13-46
43            android:exported="true"
43-->src/main/AndroidManifest.xml:34:13-36
44            android:windowSoftInputMode="adjustResize" />
44-->src/main/AndroidManifest.xml:35:13-55
45    </application>
46
47</manifest>